Unity Editor version:    2020.3.19f1 (68f137dc9bbe)
Branch:                  2020.3/staging
Build type:              Release
Batch mode:              YES
System name:             Linux
Distro version:          #47~1614007149~20.04~82fb226-Ubuntu SMP Tue Feb 23 02:56:27 UTC 
Kernel version:          5.8.0-7642-generic
Architecture:            x86_64
Available memory:        15945 MB
Using pre-set license
Pro License: NO
Desktop is 3640 x 1920 @ 60 Hz

COMMAND LINE ARGUMENTS:
Unity
-adb2
-batchMode
-noUpm
-name
AssetImportWorker0
-projectPath
/home/mort/bin/unity/projects/3DShooter
-logFile
Logs/AssetImportWorker0.log
-srvPort
44471
Successfully changed project path to: /home/mort/bin/unity/projects/3DShooter
/home/mort/bin/unity/projects/3DShooter
Using Asset Import Pipeline V2.
Refreshing native plugins compatible for Editor in 50.29 ms, found 0 plugins.
Preloading 0 native plugins for Editor in 0.00 ms.
Initialize engine version: 2020.3.19f1 (68f137dc9bbe)
[Subsystems] Discovering subsystems at path /home/mort/bin/unity/2020.3.19f1/Editor/Data/Resources/UnitySubsystems
[Subsystems] Discovering subsystems at path /home/mort/bin/unity/projects/3DShooter/Assets
GLX Extensions: GLX_ARB_get_proc_address GLX_ARB_multisample GLX_EXT_visual_info GLX_EXT_visual_rating GLX_EXT_import_context GLX_SGI_video_sync GLX_SGIX_fbconfig GLX_SGIX_pbuffer GLX_SGI_swap_control GLX_EXT_swap_control GLX_EXT_swap_control_tear GLX_EXT_buffer_age GLX_ARB_create_context GLX_ARB_create_context_profile GLX_NV_float_buffer GLX_ARB_fbconfig_float GLX_EXT_texture_from_pixmap GLX_EXT_framebuffer_sRGB GLX_NV_copy_image GLX_EXT_create_context_es_profile GLX_EXT_create_context_es2_profile GLX_ARB_create_context_no_error GLX_ARB_create_context_robustness GLX_NV_delay_before_swap GLX_EXT_stereo_tree GLX_ARB_context_flush_control GLX_NV_robustness_video_memory_purge GLX_NV_multigpu_context 
Renderer: NVIDIA GeForce GTX 1080 Ti/PCIe/SSE2
Vendor:   NVIDIA Corporation
Version:  4.5.0 NVIDIA 470.63.01
GLES:     0
 GL_AMD_multi_draw_indirect GL_AMD_seamless_cubemap_per_texture GL_AMD_vertex_shader_viewport_index GL_AMD_vertex_shader_layer GL_ARB_arrays_of_arrays GL_ARB_base_instance GL_ARB_bindless_texture GL_ARB_blend_func_extended GL_ARB_buffer_storage GL_ARB_clear_buffer_object GL_ARB_clear_texture GL_ARB_clip_control GL_ARB_color_buffer_float GL_ARB_compressed_texture_pixel_storage GL_ARB_conservative_depth GL_ARB_compute_shader GL_ARB_compute_variable_group_size GL_ARB_conditional_render_inverted GL_ARB_copy_buffer GL_ARB_copy_image GL_ARB_cull_distance GL_ARB_debug_output GL_ARB_depth_buffer_float GL_ARB_depth_clamp GL_ARB_depth_texture GL_ARB_derivative_control GL_ARB_direct_state_access GL_ARB_draw_buffers GL_ARB_draw_buffers_blend GL_ARB_draw_indirect GL_ARB_draw_elements_base_vertex GL_ARB_draw_instanced GL_ARB_enhanced_layouts GL_ARB_ES2_compatibility GL_ARB_ES3_compatibility GL_ARB_ES3_1_compatibility GL_ARB_ES3_2_compatibility GL_ARB_explicit_attrib_location GL_ARB_explicit_uniform_location GL_ARB_fragmen
t_coord_conventions GL_ARB_fragment_layer_viewport GL_ARB_fragment_program GL_ARB_fragment_program_shadow GL_ARB_fragment_shader GL_ARB_fragment_shader_interlock GL_ARB_framebuffer_no_attachments GL_ARB_framebuffer_object GL_ARB_framebuffer_sRGB GL_ARB_geometry_shader4 GL_ARB_get_program_binary GL_ARB_get_texture_sub_image GL_ARB_gl_spirv GL_ARB_gpu_shader5 GL_ARB_gpu_shader_fp64 GL_ARB_gpu_shader_int64 GL_ARB_half_float_pixel GL_ARB_half_float_vertex GL_ARB_imaging GL_ARB_indirect_parameters GL_ARB_instanced_arrays GL_ARB_internalformat_query GL_ARB_internalformat_query2 GL_ARB_invalidate_subdata GL_ARB_map_buffer_alignment GL_ARB_map_buffer_range GL_ARB_multi_bind GL_ARB_multi_draw_indirect GL_ARB_multisample GL_ARB_multitexture GL_ARB_occlusion_query GL_ARB_occlusion_query2 GL_ARB_parallel_shader_compile GL_ARB_pipeline_statistics_query GL_ARB_pixel_buffer_object GL_ARB_point_parameters GL_ARB_point_sprite GL_ARB_polygon_offset_clamp GL_ARB_post_depth_coverage GL_ARB_program_interface_query GL_ARB_provoki
ng_vertex GL_ARB_query_buffer_object GL_ARB_robust_buffer_access_behavior GL_ARB_robustness GL_ARB_sample_locations GL_ARB_sample_shading GL_ARB_sampler_objects GL_ARB_seamless_cube_map GL_ARB_seamless_cubemap_per_texture GL_ARB_separate_shader_objects GL_ARB_shader_atomic_counter_ops GL_ARB_shader_atomic_counters GL_ARB_shader_ballot GL_ARB_shader_bit_encoding GL_ARB_shader_clock GL_ARB_shader_draw_parameters GL_ARB_shader_group_vote GL_ARB_shader_image_load_store GL_ARB_shader_image_size GL_ARB_shader_objects GL_ARB_shader_precision GL_ARB_shader_storage_buffer_object GL_ARB_shader_subroutine GL_ARB_shader_texture_image_samples GL_ARB_shader_texture_lod GL_ARB_shading_language_100 GL_ARB_shader_viewport_layer_array GL_ARB_shading_language_420pack GL_ARB_shading_language_include GL_ARB_shading_language_packing GL_ARB_shadow GL_ARB_sparse_buffer GL_ARB_sparse_texture GL_ARB_sparse_texture2 GL_ARB_sparse_texture_clamp GL_ARB_spirv_extensions GL_ARB_stencil_texturing GL_ARB_sync GL_ARB_tessellation_shader GL_A
RB_texture_barrier GL_ARB_texture_border_clamp GL_ARB_texture_buffer_object GL_ARB_texture_buffer_object_rgb32 GL_ARB_texture_buffer_range GL_ARB_texture_compression GL_ARB_texture_compression_bptc GL_ARB_texture_compression_rgtc GL_ARB_texture_cube_map GL_ARB_texture_cube_map_array GL_ARB_texture_env_add GL_ARB_texture_env_combine GL_ARB_texture_env_crossbar GL_ARB_texture_env_dot3 GL_ARB_texture_filter_anisotropic GL_ARB_texture_filter_minmax GL_ARB_texture_float GL_ARB_texture_gather GL_ARB_texture_mirror_clamp_to_edge GL_ARB_texture_mirrored_repeat GL_ARB_texture_multisample GL_ARB_texture_non_power_of_two GL_ARB_texture_query_levels GL_ARB_texture_query_lod GL_ARB_texture_rectangle GL_ARB_texture_rg GL_ARB_texture_rgb10_a2ui GL_ARB_texture_stencil8 GL_ARB_texture_storage GL_ARB_texture_storage_multisample GL_ARB_texture_swizzle GL_ARB_texture_view GL_ARB_timer_query GL_ARB_transform_feedback2 GL_ARB_transform_feedback3 GL_ARB_transform_feedback_instanced GL_ARB_transform_feedback_overflow_query GL_ARB_t
ranspose_matrix GL_ARB_uniform_buffer_object GL_ARB_vertex_array_bgra GL_ARB_vertex_array_object GL_ARB_vertex_attrib_64bit GL_ARB_vertex_attrib_binding GL_ARB_vertex_buffer_object GL_ARB_vertex_program GL_ARB_vertex_shader GL_ARB_vertex_type_10f_11f_11f_rev GL_ARB_vertex_type_2_10_10_10_rev GL_ARB_viewport_array GL_ARB_window_pos GL_ATI_draw_buffers GL_ATI_texture_float GL_ATI_texture_mirror_once GL_S3_s3tc GL_EXT_texture_env_add GL_EXT_abgr GL_EXT_bgra GL_EXT_bindable_uniform GL_EXT_blend_color GL_EXT_blend_equation_separate GL_EXT_blend_func_separate GL_EXT_blend_minmax GL_EXT_blend_subtract GL_EXT_compiled_vertex_array GL_EXT_Cg_shader GL_EXT_depth_bounds_test GL_EXT_direct_state_access GL_EXT_draw_buffers2 GL_EXT_draw_instanced GL_EXT_draw_range_elements GL_EXT_fog_coord GL_EXT_framebuffer_blit GL_EXT_framebuffer_multisample GL_EXTX_framebuffer_mixed_formats GL_EXT_framebuffer_multisample_blit_scaled GL_EXT_framebuffer_object GL_EXT_framebuffer_sRGB GL_EXT_geometry_shader4 GL_EXT_gpu_program_parameters 
GL_EXT_gpu_shader4 GL_EXT_multi_draw_arrays GL_EXT_multiview_texture_multisample GL_EXT_multiview_timer_query GL_EXT_packed_depth_stencil GL_EXT_packed_float GL_EXT_packed_pixels GL_EXT_pixel_buffer_object GL_EXT_point_parameters GL_EXT_polygon_offset_clamp GL_EXT_post_depth_coverage GL_EXT_provoking_vertex GL_EXT_raster_multisample GL_EXT_rescale_normal GL_EXT_secondary_color GL_EXT_separate_shader_objects GL_EXT_separate_specular_color GL_EXT_shader_image_load_formatted GL_EXT_shader_image_load_store GL_EXT_shader_integer_mix GL_EXT_shadow_funcs GL_EXT_sparse_texture2 GL_EXT_stencil_two_side GL_EXT_stencil_wrap GL_EXT_texture3D GL_EXT_texture_array GL_EXT_texture_buffer_object GL_EXT_texture_compression_dxt1 GL_EXT_texture_compression_latc GL_EXT_texture_compression_rgtc GL_EXT_texture_compression_s3tc GL_EXT_texture_cube_map GL_EXT_texture_edge_clamp GL_EXT_texture_env_combine GL_EXT_texture_env_dot3 GL_EXT_texture_filter_anisotropic GL_EXT_texture_filter_minmax GL_EXT_texture_integer GL_EXT_texture_lod G
L_EXT_texture_lod_bias GL_EXT_texture_mirror_clamp GL_EXT_texture_object GL_EXT_texture_shadow_lod GL_EXT_texture_shared_exponent GL_EXT_texture_sRGB GL_EXT_texture_sRGB_R8 GL_EXT_texture_sRGB_decode GL_EXT_texture_storage GL_EXT_texture_swizzle GL_EXT_timer_query GL_EXT_transform_feedback2 GL_EXT_vertex_array GL_EXT_vertex_array_bgra GL_EXT_vertex_attrib_64bit GL_EXT_window_rectangles GL_EXT_x11_sync_object GL_EXT_import_sync_object GL_NV_robustness_video_memory_purge GL_IBM_rasterpos_clip GL_IBM_texture_mirrored_repeat GL_KHR_context_flush_control GL_KHR_debug GL_EXT_memory_object GL_EXT_memory_object_fd GL_NV_memory_object_sparse GL_KHR_parallel_shader_compile GL_KHR_no_error GL_KHR_robust_buffer_access_behavior GL_KHR_robustness GL_EXT_semaphore GL_EXT_semaphore_fd GL_NV_timeline_semaphore GL_KHR_shader_subgroup GL_KTX_buffer_region GL_NV_alpha_to_coverage_dither_control GL_NV_bindless_multi_draw_indirect GL_NV_bindless_multi_draw_indirect_count GL_NV_bindless_texture GL_NV_blend_equation_advanced GL_NV_
blend_equation_advanced_coherent GL_NVX_blend_equation_advanced_multi_draw_buffers GL_NV_blend_minmax_factor GL_NV_blend_square GL_NV_clip_space_w_scaling GL_NV_command_list GL_NV_compute_program5 GL_NV_conditional_render GL_NV_conservative_raster GL_NV_conservative_raster_dilate GL_NV_conservative_raster_pre_snap_triangles GL_NV_copy_depth_to_color GL_NV_copy_image GL_NV_depth_buffer_float GL_NV_depth_clamp GL_NV_draw_texture GL_NV_draw_vulkan_image GL_NV_ES1_1_compatibility GL_NV_ES3_1_compatibility GL_NV_explicit_multisample GL_NV_feature_query GL_NV_fence GL_NV_fill_rectangle GL_NV_float_buffer GL_NV_fog_distance GL_NV_fragment_coverage_to_color GL_NV_fragment_program GL_NV_fragment_program_option GL_NV_fragment_program2 GL_NV_fragment_shader_interlock GL_NV_framebuffer_mixed_samples GL_NV_framebuffer_multisample_coverage GL_NV_geometry_shader4 GL_NV_geometry_shader_passthrough GL_NV_gpu_program4 GL_NV_internalformat_sample_query GL_NV_gpu_program4_1 GL_NV_gpu_program5 GL_NV_gpu_program5_mem_extended GL_
NV_gpu_program_fp64 GL_NV_gpu_shader5 GL_NV_half_float GL_NV_light_max_exponent GL_NV_memory_attachment GL_NV_multisample_coverage GL_NV_multisample_filter_hint GL_NV_occlusion_query GL_NV_packed_depth_stencil GL_NV_parameter_buffer_object GL_NV_parameter_buffer_object2 GL_NV_path_rendering GL_NV_path_rendering_shared_edge GL_NV_pixel_data_range GL_NV_point_sprite GL_NV_primitive_restart GL_NV_query_resource GL_NV_query_resource_tag GL_NV_register_combiners GL_NV_register_combiners2 GL_NV_sample_locations GL_NV_sample_mask_override_coverage GL_NV_shader_atomic_counters GL_NV_shader_atomic_float GL_NV_shader_atomic_float64 GL_NV_shader_atomic_fp16_vector GL_NV_shader_atomic_int64 GL_NV_shader_buffer_load GL_NV_shader_storage_buffer_object GL_NV_shader_subgroup_partitioned GL_NV_stereo_view_rendering GL_NV_texgen_reflection GL_NV_texture_barrier GL_NV_texture_compression_vtc GL_NV_texture_env_combine4 GL_NV_texture_multisample GL_NV_texture_rectangle GL_NV_texture_rectangle_compressed GL_NV_texture_shader GL_N
V_texture_shader2 GL_NV_texture_shader3 GL_NV_transform_feedback GL_NV_transform_feedback2 GL_NV_uniform_buffer_unified_memory GL_NV_vdpau_interop GL_NV_vdpau_interop2 GL_NV_vertex_array_range GL_NV_vertex_array_range2 GL_NV_vertex_attrib_integer_64bit GL_NV_vertex_buffer_unified_memory GL_NV_vertex_program GL_NV_vertex_program1_1 GL_NV_vertex_program2 GL_NV_vertex_program2_option GL_NV_vertex_program3 GL_NV_viewport_array2 GL_NV_viewport_swizzle GL_NVX_conditional_render GL_NV_gpu_multicast GL_NVX_progress_fence GL_NVX_gpu_memory_info GL_NVX_nvenc_interop GL_NV_shader_thread_group GL_NV_shader_thread_shuffle GL_KHR_blend_equation_advanced GL_KHR_blend_equation_advanced_coherent GL_OVR_multiview GL_OVR_multiview2 GL_SGIS_generate_mipmap GL_SGIS_texture_lod GL_SGIX_depth_texture GL_SGIX_shadow GL_SUN_slice_accum
OPENGL LOG: Creating OpenGL 4.5 graphics device ; Context level  <OpenGL 4.5> ; Context handle 161542456
Initialize mono
Mono path[0] = '/home/mort/bin/unity/2020.3.19f1/Editor/Data/Managed'
Mono path[1] = '/home/mort/bin/unity/2020.3.19f1/Editor/Data/MonoBleedingEdge/lib/mono/unityjit'
Mono config path = '/home/mort/bin/unity/2020.3.19f1/Editor/Data/MonoBleedingEdge/etc'
Using monoOptions --debugger-agent=transport=dt_socket,embedding=1,server=y,suspend=n,address=127.0.0.1:56548
Begin MonoManager ReloadAssembly
Registering precompiled unity dll's ...
Register platform support module: /home/mort/bin/unity/2020.3.19f1/Editor/Data/PlaybackEngines/WebGLSupport/UnityEditor.WebGL.Extensions.dll
Register platform support module: /home/mort/bin/unity/2020.3.19f1/Editor/Data/PlaybackEngines/MacStandaloneSupport/UnityEditor.OSXStandalone.Extensions.dll
Register platform support module: /home/mort/bin/unity/2020.3.19f1/Editor/Data/PlaybackEngines/WindowsStandaloneSupport/UnityEditor.WindowsStandalone.Extensions.dll
Register platform support module: /home/mort/bin/unity/2020.3.19f1/Editor/Data/PlaybackEngines/LinuxStandaloneSupport/UnityEditor.LinuxStandalone.Extensions.dll
Registered in 0.001165 seconds.
Native extension for LinuxStandalone target not found
Native extension for WindowsStandalone target not found
Native extension for OSXStandalone target not found
Native extension for WebGL target not found
Refreshing native plugins compatible for Editor in 42.58 ms, found 0 plugins.
Preloading 0 native plugins for Editor in 0.00 ms.
Mono: successfully reloaded assembly
- Completed reload, in  1.169 seconds
Domain Reload Profiling:
	ReloadAssembly (1169ms)
		BeginReloadAssembly (22ms)
			ExecutionOrderSort (0ms)
			DisableScriptedObjects (0ms)
			BackupInstance (0ms)
			ReleaseScriptingObjects (0ms)
			CreateAndSetChildDomain (1ms)
		EndReloadAssembly (351ms)
			LoadAssemblies (21ms)
			RebuildTransferFunctionScriptingTraits (0ms)
			SetupTypeCache (114ms)
			ReleaseScriptCaches (0ms)
			RebuildScriptCaches (27ms)
			SetupLoadedEditorAssemblies (169ms)
				LogAssemblyErrors (0ms)
				InitializePlatformSupportModulesInManaged (4ms)
				SetLoadedEditorAssemblies (0ms)
				RefreshPlugins (43ms)
				BeforeProcessingInitializeOnLoad (7ms)
				ProcessInitializeOnLoadAttributes (93ms)
				ProcessInitializeOnLoadMethodAttributes (22ms)
				AfterProcessingInitializeOnLoad (0ms)
				EditorAssembliesLoaded (0ms)
			ExecutionOrderSort2 (0ms)
			AwakeInstancesAfterBackupRestoration (0ms)
Platform modules already initialized, skipping
Registering precompiled user dll's ...
Registered in 0.001583 seconds.
Begin MonoManager ReloadAssembly
Native extension for LinuxStandalone target not found
Native extension for WindowsStandalone target not found
Native extension for OSXStandalone target not found
Native extension for WebGL target not found
Refreshing native plugins compatible for Editor in 44.01 ms, found 0 plugins.
Preloading 0 native plugins for Editor in 0.00 ms.
Mono: successfully reloaded assembly
- Completed reload, in  0.863 seconds
Domain Reload Profiling:
	ReloadAssembly (864ms)
		BeginReloadAssembly (87ms)
			ExecutionOrderSort (0ms)
			DisableScriptedObjects (4ms)
			BackupInstance (0ms)
			ReleaseScriptingObjects (0ms)
			CreateAndSetChildDomain (13ms)
		EndReloadAssembly (737ms)
			LoadAssemblies (48ms)
			RebuildTransferFunctionScriptingTraits (0ms)
			SetupTypeCache (231ms)
			ReleaseScriptCaches (0ms)
			RebuildScriptCaches (44ms)
			SetupLoadedEditorAssemblies (318ms)
				LogAssemblyErrors (0ms)
				InitializePlatformSupportModulesInManaged (5ms)
				SetLoadedEditorAssemblies (0ms)
				RefreshPlugins (44ms)
				BeforeProcessingInitializeOnLoad (56ms)
				ProcessInitializeOnLoadAttributes (206ms)
				ProcessInitializeOnLoadMethodAttributes (3ms)
				AfterProcessingInitializeOnLoad (3ms)
				EditorAssembliesLoaded (0ms)
			ExecutionOrderSort2 (0ms)
			AwakeInstancesAfterBackupRestoration (5ms)
Platform modules already initialized, skipping
========================================================================
Worker process is ready to serve import requests
Launched and connected shader compiler UnityShaderCompiler after 0.01 seconds
Refreshing native plugins compatible for Editor in 0.59 ms, found 0 plugins.
Preloading 0 native plugins for Editor in 0.00 ms.
Unloading 3061 Unused Serialized files (Serialized files now loaded: 0)
System memory in use before: 130.8 MB.
System memory in use after: 131.0 MB.

Unloading 19 unused Assets to reduce memory usage. Loaded Objects now: 3504.
Total: 4.627481 ms (FindLiveObjects: 0.276055 ms CreateObjectMapping: 0.133598 ms MarkObjects: 4.073537 ms  DeleteObjects: 0.143521 ms)

AssetImportParameters requested are different than current active one (requested -> active):
  custom:video-decoder-ogg-theora: a1e56fd34408186e4bbccfd4996cb3dc -> 
  custom:container-muxer-webm: aa71ff27fc2769a1b78a27578f13a17b -> 
  custom:container-demuxer-webm: 4f35f7cbe854078d1ac9338744f61a02 -> 
  custom:container-demuxer-ogg: 62fdf1f143b41e24485cea50d1cbac27 -> 
  custom:video-encoder-webm-vp8: eb34c28f22e8b96e1ab97ce403110664 -> 
  custom:video-decoder-webm-vp8: 9c59270c3fd7afecdb556c50c9e8de78 -> 
  custom:audio-decoder-ogg-vorbis: bf7c407c2cedff20999df2af8eb42d56 -> 
  custom:audio-encoder-webm-vorbis: bf7c407c2cedff20999df2af8eb42d56 -> 
========================================================================
Received Import Request.
  path: Assets/New Terrain.asset
  artifactKey: Guid(be11fe55f42294a84876c4a51b7eaef0) Importer(815301076,1909f56bfc062723c751e8b465ee728b)
Start importing Assets/New Terrain.asset using Guid(be11fe55f42294a84876c4a51b7eaef0) Importer(815301076,1909f56bfc062723c751e8b465ee728b)  -> (artifact id: '445b4d49a8eec218b604ca88d0984cb7') in 0.014566 seconds 
  Import took 0.018823 seconds .

========================================================================
Received Import Request.
  Time since last request: 2.180342 seconds.
  path: Assets/Level1Terrain.asset
  artifactKey: Guid(be11fe55f42294a84876c4a51b7eaef0) Importer(815301076,1909f56bfc062723c751e8b465ee728b)
Start importing Assets/Level1Terrain.asset using Guid(be11fe55f42294a84876c4a51b7eaef0) Importer(815301076,1909f56bfc062723c751e8b465ee728b)  -> (artifact id: 'b80a3a895de09b5aa32a7b29e2336670') in 0.003458 seconds 
  Import took 0.007305 seconds .

========================================================================
Received Import Request.
  Time since last request: 817.825615 seconds.
  path: Assets/Prefabs/Environment/Doors/LevelEndPortal.prefab
  artifactKey: Guid(321d94a164b2dc249a76a1b523b66cfd) Importer(815301076,1909f56bfc062723c751e8b465ee728b)
Start importing Assets/Prefabs/Environment/Doors/LevelEndPortal.prefab using Guid(321d94a164b2dc249a76a1b523b66cfd) Importer(815301076,1909f56bfc062723c751e8b465ee728b)  -> (artifact id: 'f59e4e1800e5cf5da11d6bd3ae897f71') in 0.526561 seconds 
  Import took 0.531047 seconds .

========================================================================
Received Import Request.
  Time since last request: 479.725666 seconds.
  path: Assets/Prefabs/Environment/Checkpoint/Checkpoint.prefab
  artifactKey: Guid(3788471cf6b3e614f98506adaf3e1468) Importer(815301076,1909f56bfc062723c751e8b465ee728b)
Start importing Assets/Prefabs/Environment/Checkpoint/Checkpoint.prefab using Guid(3788471cf6b3e614f98506adaf3e1468) Importer(815301076,1909f56bfc062723c751e8b465ee728b)  -> (artifact id: '85842447460d9cd3826f7219234bf2f7') in 0.018806 seconds 
  Import took 0.024384 seconds .

========================================================================
Received Import Request.
  Time since last request: 118.486230 seconds.
  path: Assets/Prefabs/Environment/Doors/Door_MainRoom.prefab
  artifactKey: Guid(f3c927c7af0b8894295db7174f057a97) Importer(815301076,1909f56bfc062723c751e8b465ee728b)
Start importing Assets/Prefabs/Environment/Doors/Door_MainRoom.prefab using Guid(f3c927c7af0b8894295db7174f057a97) Importer(815301076,1909f56bfc062723c751e8b465ee728b)  -> (artifact id: '5673ce5b854b5f1acbc36dd9b14d953d') in 0.023759 seconds 
  Import took 0.030077 seconds .

========================================================================
Received Import Request.
  Time since last request: 342.074122 seconds.
  path: Assets/Prefabs/Environment/Buildings/StartBuilding.prefab
  artifactKey: Guid(1b1c9ce7b82a3f5ca9dc02011ae6c6b4) Importer(815301076,1909f56bfc062723c751e8b465ee728b)
Start importing Assets/Prefabs/Environment/Buildings/StartBuilding.prefab using Guid(1b1c9ce7b82a3f5ca9dc02011ae6c6b4) Importer(815301076,1909f56bfc062723c751e8b465ee728b)  -> (artifact id: '2b412877679d7da204bfd8f644e9297c') in 0.014591 seconds 
  Import took 0.018923 seconds .

========================================================================
Received Import Request.
  Time since last request: 335.938225 seconds.
  path: Assets/Prefabs/Environment/Buildings/StartBuilding.prefab
  artifactKey: Guid(1b1c9ce7b82a3f5ca9dc02011ae6c6b4) Importer(815301076,1909f56bfc062723c751e8b465ee728b)
Start importing Assets/Prefabs/Environment/Buildings/StartBuilding.prefab using Guid(1b1c9ce7b82a3f5ca9dc02011ae6c6b4) Importer(815301076,1909f56bfc062723c751e8b465ee728b)  -> (artifact id: '39d086e6e69b3a2fbeb4af0e0314b8f0') in 0.015440 seconds 
  Import took 0.020916 seconds .

========================================================================
Received Import Request.
  Time since last request: 1481.728613 seconds.
  path: Assets/Prefabs/Environment/Checkpoint/Checkpoint.prefab
  artifactKey: Guid(3788471cf6b3e614f98506adaf3e1468) Importer(815301076,1909f56bfc062723c751e8b465ee728b)
Start importing Assets/Prefabs/Environment/Checkpoint/Checkpoint.prefab using Guid(3788471cf6b3e614f98506adaf3e1468) Importer(815301076,1909f56bfc062723c751e8b465ee728b)  -> (artifact id: 'e013f92d39b78f5bf41fb2eee69ceff2') in 0.016403 seconds 
  Import took 0.021803 seconds .

========================================================================
Received Import Request.
  Time since last request: 3.473092 seconds.
  path: Assets/Prefabs/Environment/Checkpoint/Checkpoint 1.prefab
  artifactKey: Guid(4875c6d23f680c7e99eb5d0cff68f6de) Importer(815301076,1909f56bfc062723c751e8b465ee728b)
Start importing Assets/Prefabs/Environment/Checkpoint/Checkpoint 1.prefab using Guid(4875c6d23f680c7e99eb5d0cff68f6de) Importer(815301076,1909f56bfc062723c751e8b465ee728b)  -> (artifact id: 'ab9d066480aa44707313598f9596af11') in 0.008904 seconds 
  Import took 0.013791 seconds .

========================================================================
Received Import Request.
  Time since last request: 614.076444 seconds.
  path: Assets/Art/UI/sofachrome rg.ttf
  artifactKey: Guid(e5229312cc486ae4fb6373856472dd78) Importer(815301076,1909f56bfc062723c751e8b465ee728b)
Start importing Assets/Art/UI/sofachrome rg.ttf using Guid(e5229312cc486ae4fb6373856472dd78) Importer(815301076,1909f56bfc062723c751e8b465ee728b)  -> (artifact id: '5a62cee070387773bbb75caa2071779f') in 0.021921 seconds 
  Import took 0.026190 seconds .

========================================================================
Received Import Request.
  Time since last request: 1031.202942 seconds.
  path: Assets/Art/UI/terminal_image.bmp
  artifactKey: Guid(f06a9e4cec960b8b8b61c0f144252b84) Importer(815301076,1909f56bfc062723c751e8b465ee728b)
Start importing Assets/Art/UI/terminal_image.bmp using Guid(f06a9e4cec960b8b8b61c0f144252b84) Importer(815301076,1909f56bfc062723c751e8b465ee728b)  -> (artifact id: '266c703b54d34814882788e33e936653') in 0.000762 seconds 
  Import took 0.004526 seconds .

========================================================================
Received Import Request.
  Time since last request: 22.566284 seconds.
  path: Assets/Art/UI/Ammo and Weapons/Weapons/Shotgun/Shotgun_Silhouette_Sprite.png
  artifactKey: Guid(3ffdea825f765714a890aec0900af9bd) Importer(815301076,1909f56bfc062723c751e8b465ee728b)
Start importing Assets/Art/UI/Ammo and Weapons/Weapons/Shotgun/Shotgun_Silhouette_Sprite.png using Guid(3ffdea825f765714a890aec0900af9bd) Importer(815301076,1909f56bfc062723c751e8b465ee728b)  -> (artifact id: 'cc581cae5011c02ac5c51b33a74da2d0') in 0.017042 seconds 
  Import took 0.021207 seconds .

========================================================================
Received Import Request.
  Time since last request: 0.000225 seconds.
  path: Assets/Art/UI/Ammo and Weapons/Weapons/Shotgun/Shotgun_Sprite.png
  artifactKey: Guid(e489c0ee48bdca1428987d0377915bbc) Importer(815301076,1909f56bfc062723c751e8b465ee728b)
Start importing Assets/Art/UI/Ammo and Weapons/Weapons/Shotgun/Shotgun_Sprite.png using Guid(e489c0ee48bdca1428987d0377915bbc) Importer(815301076,1909f56bfc062723c751e8b465ee728b)  -> (artifact id: '6ec9cc3483e74cb5c29df911fc452e41') in 0.006518 seconds 
  Import took 0.009908 seconds .

========================================================================
Received Import Request.
  Time since last request: 0.000223 seconds.
  path: Assets/Art/Snowflakes.png
  artifactKey: Guid(53dbae4f23a4be146ae61c0daeb8fbf6) Importer(815301076,1909f56bfc062723c751e8b465ee728b)
Start importing Assets/Art/Snowflakes.png using Guid(53dbae4f23a4be146ae61c0daeb8fbf6) Importer(815301076,1909f56bfc062723c751e8b465ee728b)  -> (artifact id: 'd445e56bb3a44a2be4456428ab70f9da') in 0.013619 seconds 
  Import took 0.017001 seconds .

========================================================================
Received Import Request.
  Time since last request: 58.104814 seconds.
  path: Assets/Art/FBXImports/Shotgun/Shotgun_A.fbx
  artifactKey: Guid(222b968807400264aa1b3b7954bc21f2) Importer(815301076,1909f56bfc062723c751e8b465ee728b)
Start importing Assets/Art/FBXImports/Shotgun/Shotgun_A.fbx using Guid(222b968807400264aa1b3b7954bc21f2) Importer(815301076,1909f56bfc062723c751e8b465ee728b)  -> (artifact id: '901469c2233e9de66111d80e361b56ca') in 0.283102 seconds 
  Import took 0.287088 seconds .

========================================================================
Received Import Request.
  Time since last request: 10.689038 seconds.
  path: Assets/Art/UI/Ammo and Weapons/Weapons/ElectroGun
  artifactKey: Guid(31d5c5cf0c24ae74aa00e123fc3b80e3) Importer(815301076,1909f56bfc062723c751e8b465ee728b)
Start importing Assets/Art/UI/Ammo and Weapons/Weapons/ElectroGun using Guid(31d5c5cf0c24ae74aa00e123fc3b80e3) Importer(815301076,1909f56bfc062723c751e8b465ee728b)  -> (artifact id: '5b6621657c459d0def49e68040706c70') in 0.000526 seconds 
  Import took 0.004608 seconds .

========================================================================
Received Import Request.
  Time since last request: 128.593315 seconds.
  path: Assets/Art/UI/terminal_image.bmp
  artifactKey: Guid(f06a9e4cec960b8b8b61c0f144252b84) Importer(815301076,1909f56bfc062723c751e8b465ee728b)
Start importing Assets/Art/UI/terminal_image.bmp using Guid(f06a9e4cec960b8b8b61c0f144252b84) Importer(815301076,1909f56bfc062723c751e8b465ee728b)  -> (artifact id: '06c737cbd56064f713c7c7149c3dba2a') in 0.000787 seconds 
  Import took 0.004933 seconds .

========================================================================
Received Prepare
Registering precompiled user dll's ...
Registered in 0.001551 seconds.
Begin MonoManager ReloadAssembly
Native extension for LinuxStandalone target not found
Native extension for WindowsStandalone target not found
Native extension for OSXStandalone target not found
Native extension for WebGL target not found
Refreshing native plugins compatible for Editor in 0.53 ms, found 0 plugins.
Preloading 0 native plugins for Editor in 0.00 ms.
Mono: successfully reloaded assembly
- Completed reload, in  0.858 seconds
Domain Reload Profiling:
	ReloadAssembly (858ms)
		BeginReloadAssembly (90ms)
			ExecutionOrderSort (0ms)
			DisableScriptedObjects (5ms)
			BackupInstance (0ms)
			ReleaseScriptingObjects (0ms)
			CreateAndSetChildDomain (34ms)
		EndReloadAssembly (723ms)
			LoadAssemblies (53ms)
			RebuildTransferFunctionScriptingTraits (0ms)
			SetupTypeCache (243ms)
			ReleaseScriptCaches (1ms)
			RebuildScriptCaches (35ms)
			SetupLoadedEditorAssemblies (267ms)
				LogAssemblyErrors (0ms)
				InitializePlatformSupportModulesInManaged (5ms)
				SetLoadedEditorAssemblies (0ms)
				RefreshPlugins (1ms)
				BeforeProcessingInitializeOnLoad (54ms)
				ProcessInitializeOnLoadAttributes (202ms)
				ProcessInitializeOnLoadMethodAttributes (3ms)
				AfterProcessingInitializeOnLoad (3ms)
				EditorAssembliesLoaded (0ms)
			ExecutionOrderSort2 (0ms)
			AwakeInstancesAfterBackupRestoration (13ms)
Platform modules already initialized, skipping
Refreshing native plugins compatible for Editor in 0.76 ms, found 0 plugins.
Preloading 0 native plugins for Editor in 0.00 ms.
Unloading 2992 Unused Serialized files (Serialized files now loaded: 0)
System memory in use before: 131.1 MB.
System memory in use after: 131.2 MB.

Unloading 12 unused Assets to reduce memory usage. Loaded Objects now: 3642.
Total: 4.738943 ms (FindLiveObjects: 0.289071 ms CreateObjectMapping: 0.094972 ms MarkObjects: 4.305818 ms  DeleteObjects: 0.048326 ms)

AssetImportParameters requested are different than current active one (requested -> active):
  custom:video-decoder-ogg-theora: a1e56fd34408186e4bbccfd4996cb3dc -> 
  custom:container-muxer-webm: aa71ff27fc2769a1b78a27578f13a17b -> 
  custom:container-demuxer-webm: 4f35f7cbe854078d1ac9338744f61a02 -> 
  custom:container-demuxer-ogg: 62fdf1f143b41e24485cea50d1cbac27 -> 
  custom:video-encoder-webm-vp8: eb34c28f22e8b96e1ab97ce403110664 -> 
  custom:video-decoder-webm-vp8: 9c59270c3fd7afecdb556c50c9e8de78 -> 
  custom:audio-decoder-ogg-vorbis: bf7c407c2cedff20999df2af8eb42d56 -> 
  custom:audio-encoder-webm-vorbis: bf7c407c2cedff20999df2af8eb42d56 -> 
========================================================================
Received Import Request.
  Time since last request: 222.606187 seconds.
  path: Assets/Square.png
  artifactKey: Guid(f43518bd265505d85b41ab49969e2dfb) Importer(815301076,1909f56bfc062723c751e8b465ee728b)
Start importing Assets/Square.png using Guid(f43518bd265505d85b41ab49969e2dfb) Importer(815301076,1909f56bfc062723c751e8b465ee728b)  -> (artifact id: '7ce754f95720fd64a5e7967cf09baeff') in 0.034967 seconds 
  Import took 0.039278 seconds .

========================================================================
Received Import Request.
  Time since last request: 346.616367 seconds.
  path: Assets/Art/UI/terminal_image.png
  artifactKey: Guid(43ccdd7681a43c431a19b4c5ba90a646) Importer(815301076,1909f56bfc062723c751e8b465ee728b)
Start importing Assets/Art/UI/terminal_image.png using Guid(43ccdd7681a43c431a19b4c5ba90a646) Importer(815301076,1909f56bfc062723c751e8b465ee728b)  -> (artifact id: '66d13affab2db446973a6180f4493fcb') in 0.005165 seconds 
  Import took 0.010844 seconds .

========================================================================
Received Import Request.
  Time since last request: 123.353914 seconds.
  path: Assets/Prefabs/Environment
  artifactKey: Guid(e5420c0eccf2cea4bb3068338076277a) Importer(815301076,1909f56bfc062723c751e8b465ee728b)
Start importing Assets/Prefabs/Environment using Guid(e5420c0eccf2cea4bb3068338076277a) Importer(815301076,1909f56bfc062723c751e8b465ee728b)  -> (artifact id: 'ec591e398995aac5a7e7b0853401123b') in 0.000555 seconds 
  Import took 0.004261 seconds .

========================================================================
Received Import Request.
  Time since last request: 1.937887 seconds.
  path: Assets/Prefabs/Environment/Checkpoint/Checkpoint.prefab
  artifactKey: Guid(3788471cf6b3e614f98506adaf3e1468) Importer(815301076,1909f56bfc062723c751e8b465ee728b)
Start importing Assets/Prefabs/Environment/Checkpoint/Checkpoint.prefab using Guid(3788471cf6b3e614f98506adaf3e1468) Importer(815301076,1909f56bfc062723c751e8b465ee728b)  -> (artifact id: '376e4e5c764986e6ce8c0a948c20b325') in 0.110724 seconds 
  Import took 0.115304 seconds .

========================================================================
Received Import Request.
  Time since last request: 0.271883 seconds.
  path: Assets/Prefabs/Environment/Checkpoint/CheckpointCustomText.prefab
  artifactKey: Guid(4875c6d23f680c7e99eb5d0cff68f6de) Importer(815301076,1909f56bfc062723c751e8b465ee728b)
Start importing Assets/Prefabs/Environment/Checkpoint/CheckpointCustomText.prefab using Guid(4875c6d23f680c7e99eb5d0cff68f6de) Importer(815301076,1909f56bfc062723c751e8b465ee728b)  -> (artifact id: 'aae07df8994034b6fca6364cc773c6d8') in 0.017803 seconds 
  Import took 0.022462 seconds .

========================================================================
Received Import Request.
  Time since last request: 119.769838 seconds.
  path: Assets/Prefabs/Environment/Checkpoint/CheckpointCustomText.prefab
  artifactKey: Guid(4875c6d23f680c7e99eb5d0cff68f6de) Importer(815301076,1909f56bfc062723c751e8b465ee728b)
Start importing Assets/Prefabs/Environment/Checkpoint/CheckpointCustomText.prefab using Guid(4875c6d23f680c7e99eb5d0cff68f6de) Importer(815301076,1909f56bfc062723c751e8b465ee728b)  -> (artifact id: '0d98d1fd6eb3f95e023a229c8118f104') in 0.012126 seconds 
  Import took 0.016338 seconds .

========================================================================
Received Import Request.
  Time since last request: 457.246730 seconds.
  path: Assets/Prefabs/Environment/Doors/OuterWallGate.prefab
  artifactKey: Guid(a463a51c85911b345b4cc83949ceba5c) Importer(815301076,1909f56bfc062723c751e8b465ee728b)
Start importing Assets/Prefabs/Environment/Doors/OuterWallGate.prefab using Guid(a463a51c85911b345b4cc83949ceba5c) Importer(815301076,1909f56bfc062723c751e8b465ee728b)  -> (artifact id: 'ef0ff132686225ff4587c98819431558') in 0.016350 seconds 
  Import took 0.020799 seconds .

========================================================================
Received Import Request.
  Time since last request: 52.316587 seconds.
  path: Assets/Prefabs/Environment/OuterWalls/Outer_Wall.prefab
  artifactKey: Guid(c4bcabe1191b09d41b5e47894c6751bf) Importer(815301076,1909f56bfc062723c751e8b465ee728b)
Start importing Assets/Prefabs/Environment/OuterWalls/Outer_Wall.prefab using Guid(c4bcabe1191b09d41b5e47894c6751bf) Importer(815301076,1909f56bfc062723c751e8b465ee728b)  -> (artifact id: '0706c5c50edd6ba4396d3d1e68cfa552') in 0.007039 seconds 
  Import took 0.011836 seconds .

========================================================================
Received Import Request.
  Time since last request: 634.203337 seconds.
  path: Assets/Prefabs/Environment/OuterWalls/Outer_Wall_Corner.prefab
  artifactKey: Guid(34599d88c96ef47478e5182f3a342c89) Importer(815301076,1909f56bfc062723c751e8b465ee728b)
Start importing Assets/Prefabs/Environment/OuterWalls/Outer_Wall_Corner.prefab using Guid(34599d88c96ef47478e5182f3a342c89) Importer(815301076,1909f56bfc062723c751e8b465ee728b)  -> (artifact id: 'a111d0e2f50e72e0ef0d70561c1d5b59') in 0.006847 seconds 
  Import took 0.011593 seconds .

========================================================================
Received Import Request.
  Time since last request: 1037.071630 seconds.
  path: Assets/Scripts/Controller/CameraController.cs
  artifactKey: Guid(0e341c3a7512fb94892dee2cb34fce6d) Importer(815301076,1909f56bfc062723c751e8b465ee728b)
Start importing Assets/Scripts/Controller/CameraController.cs using Guid(0e341c3a7512fb94892dee2cb34fce6d) Importer(815301076,1909f56bfc062723c751e8b465ee728b)  -> (artifact id: '4acac12ca3c43742dc2d3adb8f7c4d7c') in 0.000580 seconds 
  Import took 0.004280 seconds .

========================================================================
Received Import Request.
  Time since last request: 7.414006 seconds.
  path: Assets/Scripts/Controller/PlayerController.cs
  artifactKey: Guid(dcf83100f3366f949803990b67dfaea5) Importer(815301076,1909f56bfc062723c751e8b465ee728b)
Start importing Assets/Scripts/Controller/PlayerController.cs using Guid(dcf83100f3366f949803990b67dfaea5) Importer(815301076,1909f56bfc062723c751e8b465ee728b)  -> (artifact id: 'bed0e6234d678ddf17a4003f3be587a0') in 0.000868 seconds 
  Import took 0.007935 seconds .

========================================================================
Received Import Request.
  Time since last request: 205.636551 seconds.
  path: Assets/Scripts/Controller/PlayerController.cs
  artifactKey: Guid(dcf83100f3366f949803990b67dfaea5) Importer(815301076,1909f56bfc062723c751e8b465ee728b)
Start importing Assets/Scripts/Controller/PlayerController.cs using Guid(dcf83100f3366f949803990b67dfaea5) Importer(815301076,1909f56bfc062723c751e8b465ee728b)  -> (artifact id: '1c2a1d3164de129cdab7784aa39578d0') in 0.000510 seconds 
  Import took 0.004248 seconds .

========================================================================
Received Prepare
Registering precompiled user dll's ...
Registered in 0.001706 seconds.
Begin MonoManager ReloadAssembly
Native extension for LinuxStandalone target not found
Native extension for WindowsStandalone target not found
Native extension for OSXStandalone target not found
Native extension for WebGL target not found
Refreshing native plugins compatible for Editor in 0.54 ms, found 0 plugins.
Preloading 0 native plugins for Editor in 0.00 ms.
Mono: successfully reloaded assembly
- Completed reload, in  0.874 seconds
Domain Reload Profiling:
	ReloadAssembly (875ms)
		BeginReloadAssembly (73ms)
			ExecutionOrderSort (0ms)
			DisableScriptedObjects (5ms)
			BackupInstance (0ms)
			ReleaseScriptingObjects (0ms)
			CreateAndSetChildDomain (30ms)
		EndReloadAssembly (751ms)
			LoadAssemblies (56ms)
			RebuildTransferFunctionScriptingTraits (0ms)
			SetupTypeCache (247ms)
			ReleaseScriptCaches (1ms)
			RebuildScriptCaches (39ms)
			SetupLoadedEditorAssemblies (277ms)
				LogAssemblyErrors (0ms)
				InitializePlatformSupportModulesInManaged (5ms)
				SetLoadedEditorAssemblies (0ms)
				RefreshPlugins (1ms)
				BeforeProcessingInitializeOnLoad (54ms)
				ProcessInitializeOnLoadAttributes (212ms)
				ProcessInitializeOnLoadMethodAttributes (3ms)
				AfterProcessingInitializeOnLoad (3ms)
				EditorAssembliesLoaded (0ms)
			ExecutionOrderSort2 (0ms)
			AwakeInstancesAfterBackupRestoration (13ms)
Platform modules already initialized, skipping
Refreshing native plugins compatible for Editor in 0.51 ms, found 0 plugins.
Preloading 0 native plugins for Editor in 0.00 ms.
Unloading 2985 Unused Serialized files (Serialized files now loaded: 0)
System memory in use before: 131.2 MB.
System memory in use after: 131.4 MB.

Unloading 12 unused Assets to reduce memory usage. Loaded Objects now: 3681.
Total: 4.678137 ms (FindLiveObjects: 0.277314 ms CreateObjectMapping: 0.094894 ms MarkObjects: 4.260426 ms  DeleteObjects: 0.044492 ms)

AssetImportParameters requested are different than current active one (requested -> active):
  custom:video-decoder-ogg-theora: a1e56fd34408186e4bbccfd4996cb3dc -> 
  custom:container-muxer-webm: aa71ff27fc2769a1b78a27578f13a17b -> 
  custom:container-demuxer-webm: 4f35f7cbe854078d1ac9338744f61a02 -> 
  custom:container-demuxer-ogg: 62fdf1f143b41e24485cea50d1cbac27 -> 
  custom:video-encoder-webm-vp8: eb34c28f22e8b96e1ab97ce403110664 -> 
  custom:video-decoder-webm-vp8: 9c59270c3fd7afecdb556c50c9e8de78 -> 
  custom:audio-decoder-ogg-vorbis: bf7c407c2cedff20999df2af8eb42d56 -> 
  custom:audio-encoder-webm-vorbis: bf7c407c2cedff20999df2af8eb42d56 -> 
AssetImportWorkerClient::OnTransportError - code=2 error=End of file
